  test1.cpp
  test2.cpp
e:\product\code\2020_1_26\2020_1_26\test2.cpp(9): error C2065: “cout”: 未声明的标识符
e:\product\code\2020_1_26\2020_1_26\test2.cpp(9): error C2065: “endl”: 未声明的标识符
e:\product\code\2020_1_26\2020_1_26\test2.cpp(10): error C2065: “cout”: 未声明的标识符
e:\product\code\2020_1_26\2020_1_26\test2.cpp(10): warning C4566: 由通用字符名称“\u00A0”表示的字符不能在当前代码页(936)中表示出来
e:\product\code\2020_1_26\2020_1_26\test2.cpp(10): error C2065: “endl”: 未声明的标识符
e:\product\code\2020_1_26\2020_1_26\test2.cpp(18): error C2065: “cout”: 未声明的标识符
e:\product\code\2020_1_26\2020_1_26\test2.cpp(18): error C2065: “endl”: 未声明的标识符
e:\product\code\2020_1_26\2020_1_26\test2.cpp(19): error C2065: “cout”: 未声明的标识符
e:\product\code\2020_1_26\2020_1_26\test2.cpp(19): warning C4566: 由通用字符名称“\u00A0”表示的字符不能在当前代码页(936)中表示出来
e:\product\code\2020_1_26\2020_1_26\test2.cpp(19): error C2065: “endl”: 未声明的标识符
e:\product\code\2020_1_26\2020_1_26\test2.cpp(30): error C2065: “cout”: 未声明的标识符
e:\product\code\2020_1_26\2020_1_26\test2.cpp(30): error C2065: “endl”: 未声明的标识符
e:\product\code\2020_1_26\2020_1_26\test2.cpp(31): error C2065: “cout”: 未声明的标识符
e:\product\code\2020_1_26\2020_1_26\test2.cpp(31): error C2065: “endl”: 未声明的标识符
e:\product\code\2020_1_26\2020_1_26\test2.cpp(32): error C2065: “cout”: 未声明的标识符
e:\product\code\2020_1_26\2020_1_26\test2.cpp(32): error C2065: “endl”: 未声明的标识符
e:\product\code\2020_1_26\2020_1_26\test2.cpp(36): warning C4326: “main”的返回类型应为“int”而非“void”
e:\product\code\2020_1_26\2020_1_26\test2.cpp(39): error C2065: “cout”: 未声明的标识符
e:\product\code\2020_1_26\2020_1_26\test2.cpp(39): error C2065: “endl”: 未声明的标识符
e:\product\code\2020_1_26\2020_1_26\test2.cpp(40): error C2065: “cin”: 未声明的标识符
e:\product\code\2020_1_26\2020_1_26\test2.cpp(41): error C2065: “cout”: 未声明的标识符
e:\product\code\2020_1_26\2020_1_26\test2.cpp(41): error C2065: “endl”: 未声明的标识符
  正在生成代码...
